

*******************************************************************************
Tue Mar  6 17:39:05 2018


FIT:    data read from 'resonanca.dat'
        format = z
        #datapoints = 121
        residuals are weighted equally (unit weight)

function used for fitting: f(x)
	f(x) = A / abs(-x**2 - 2*beta*x*{0, 1} + omega0**2)
fitted parameters initialized with current variable values

iter      chisq       delta/lim  lambda   A             beta          omega0       
   0 1.3064269174e+00   0.00e+00  1.24e-01    1.000000e+00   1.000000e+00   1.000000e+00
  14 2.6372909887e-09  -9.60e-04  1.24e-11    2.543262e-01   6.360695e+00   5.007705e+01

After 14 iterations the fit converged.
final sum of squares of residuals : 2.63729e-09
rel. change during last iteration : -9.59691e-09

degrees of freedom    (FIT_NDF)                        : 118
rms of residuals      (FIT_STDFIT) = sqrt(WSSR/ndf)    : 4.72757e-06
variance of residuals (reduced chisquare) = WSSR/ndf   : 2.23499e-11

Final set of parameters            Asymptotic Standard Error
=======================            ==========================
A               = 0.254326         +/- 0.001271     (0.4996%)
beta            = 6.36069          +/- 0.04938      (0.7763%)
omega0          = 50.0771          +/- 0.04773      (0.09532%)

correlation matrix of the fit parameters:
                A      beta   omega0 
A               1.000 
beta            0.826  1.000 
omega0          0.385  0.247  1.000 
